Array
(
    [post] => Array
        (
            [lfm_card] => Array
                (
                    [post_type_name] => lfm_card
                    [post_type_args] => Array
                        (
                            [labels] => Array
                                (
                                    [name] => Карточки
                                    [singular_name] => Карточка
                                )

                            [public] => true
                            [label] => post_label_template
                            [show_ui] => 1
                            [show_in_menu] => lfmanagement/lfm_menu.php
                            [has_archive] => 1
                            [support] => Array
                                (
                                    [0] => title
                                    [1] => author
                                    [2] => custom-fields
                                )

                        )

                    [taxonomy] => Array
                        (
                            [lfm_card_item_type] => Array
                                (
                                    [taxonomy_name] => lfm_card_item_type
                                    [parent_objec_type] => lfm_card
                                    [taxonomy_args] => Array
                                        (
                                            [labels] => Array
                                                (
                                                    [name] => Вид изделия
                                                    [singular_name] => Вид
                                                )

                                            [hierarchical] => 
                                            [show_ui] => 1
                                            [show_admin_column] => 1
                                            [query_var] => 1
                                            [show_in_menu] => 1
                                            [show_in_rest] => 1
                                            [meta_box_cb] => lfm_default_select_meta_box__render
                                        )

                                    [meta] => Array
                                        (
                                            [lfm_card_item_type__acc_unit] => Array
                                                (
                                                    [object_type] => term
                                                    [meta_key] => lfm_card_item_type__acc_unit
                                                    [meta_args] => Array
                                                        (
                                                            [type] => string
                                                            [object_subtype] => lfm_card_item_type
                                                            [description] => Единица объёма
                                                            [single] => 1
                                                            [sanitize_callback] => 
                                                            [auth_callback] => 
                                                            [show_in_rest] => 1
                                                        )

                                                )

                                            [lfm_card_item_type__favorite] => Array
                                                (
                                                    [object_type] => term
                                                    [meta_key] => lfm_card_item_type__favorite
                                                    [meta_args] => Array
                                                        (
                                                            [type] => boolean
                                                            [object_subtype] => lfm_card_item_type
                                                            [description] => Избранное
                                                            [single] => 1
                                                            [sanitize_callback] => 
                                                            [auth_callback] => 
                                                            [show_in_rest] => 1
                                                        )

                                                )

                                        )

                                )

                            [lfm_card_age_rating] => Array
                                (
                                    [taxonomy_name] => lfm_card_age_rating
                                    [parent_objec_type] => lfm_card
                                    [taxonomy_args] => Array
                                        (
                                            [labels] => Array
                                                (
                                                    [name] => Возрастные ограничения
                                                    [singular_name] => Возрастная группа
                                                )

                                            [hierarchical] => 
                                            [show_ui] => 1
                                            [show_admin_column] => 1
                                            [query_var] => 1
                                            [show_in_menu] => 1
                                            [show_in_rest] => 1
                                            [meta_box_cb] => lfm_default_select_meta_box__render
                                        )

                                )

                        )

                    [meta] => Array
                        (
                            [lfm_card__isbn] => Array
                                (
                                    [object_type] => post
                                    [meta_key] => lfm_card__isbn
                                    [meta_args] => Array
                                        (
                                            [type] => string
                                            [object_subtype] => lfm_card
                                            [description] => ISBN изделия
                                            [single] => 1
                                            [sanitize_callback] => 
                                            [auth_callback] => 
                                            [show_in_rest] => 1
                                        )

                                )

                            [lfm_card__year] => Array
                                (
                                    [object_type] => post
                                    [meta_key] => lfm_card__year
                                    [meta_args] => Array
                                        (
                                            [type] => string
                                            [object_subtype] => lfm_card
                                            [description] => Год издания
                                            [single] => 1
                                            [sanitize_callback] => 
                                            [auth_callback] => 
                                            [show_in_rest] => 1
                                        )

                                )

                            [lfm_card__volume_p] => Array
                                (
                                    [object_type] => post
                                    [meta_key] => lfm_card__volume_p
                                    [meta_args] => Array
                                        (
                                            [type] => string
                                            [object_subtype] => lfm_card
                                            [description] => Том
                                            [single] => 1
                                            [sanitize_callback] => 
                                            [auth_callback] => 
                                            [show_in_rest] => 1
                                        )

                                )

                            [lfm_card__otv_info] => Array
                                (
                                    [object_type] => post
                                    [meta_key] => lfm_card__otv_info
                                    [meta_args] => Array
                                        (
                                            [type] => string
                                            [object_subtype] => lfm_card
                                            [description] => Сведения об отвественных
                                            [single] => 1
                                            [sanitize_callback] => 
                                            [auth_callback] => 
                                            [show_in_rest] => 1
                                        )

                                )

                            [lfm_card__izd_info] => Array
                                (
                                    [object_type] => post
                                    [meta_key] => lfm_card__izd_info
                                    [meta_args] => Array
                                        (
                                            [type] => string
                                            [object_subtype] => lfm_card
                                            [description] => Место издания
                                            [single] => 1
                                            [sanitize_callback] => 
                                            [auth_callback] => 
                                            [show_in_rest] => 1
                                        )

                                )

                            [lfm_card__publishing_house] => Array
                                (
                                    [object_type] => post
                                    [meta_key] => lfm_card__publishing_house
                                    [meta_args] => Array
                                        (
                                            [type] => string
                                            [object_subtype] => lfm_card
                                            [description] => Издательство
                                            [single] => 1
                                            [sanitize_callback] => 
                                            [auth_callback] => 
                                            [show_in_rest] => 1
                                        )

                                )

                            [lfm_card__sys] => Array
                                (
                                    [object_type] => post
                                    [meta_key] => lfm_card__sys
                                    [meta_args] => Array
                                        (
                                            [type] => string
                                            [object_subtype] => lfm_card
                                            [description] => Сист. треб
                                            [single] => 1
                                            [sanitize_callback] => 
                                            [auth_callback] => 
                                            [show_in_rest] => 1
                                        )

                                )

                            [lfm_card__osnzaglser] => Array
                                (
                                    [object_type] => post
                                    [meta_key] => lfm_card__osnzaglser
                                    [meta_args] => Array
                                        (
                                            [type] => string
                                            [object_subtype] => lfm_card
                                            [description] => ОснЗаглСер
                                            [single] => 1
                                            [sanitize_callback] => 
                                            [auth_callback] => 
                                            [show_in_rest] => 1
                                        )

                                )

                            [lfm_card__note] => Array
                                (
                                    [object_type] => post
                                    [meta_key] => lfm_card__note
                                    [meta_args] => Array
                                        (
                                            [type] => string
                                            [object_subtype] => lfm_card
                                            [description] => Примечание
                                            [single] => 1
                                            [sanitize_callback] => 
                                            [auth_callback] => 
                                            [show_in_rest] => 1
                                        )

                                )

                            [lfm_card__resume] => Array
                                (
                                    [object_type] => post
                                    [meta_key] => lfm_card__resume
                                    [meta_args] => Array
                                        (
                                            [type] => string
                                            [object_subtype] => lfm_card
                                            [description] => Содержание
                                            [single] => 1
                                            [sanitize_callback] => 
                                            [auth_callback] => 
                                            [show_in_rest] => 1
                                        )

                                )

                        )

                    [f] => 0
                )

            [lfm_author] => Array
                (
                    [post_type_name] => lfm_author
                    [post_type_args] => Array
                        (
                            [labels] => Array
                                (
                                    [name] => Авторы
                                    [singular_name] => Автор
                                )

                            [public] => true
                            [label] => post_label_template
                            [show_ui] => 1
                            [show_in_menu] => lfmanagement/lfm_menu.php
                            [has_archive] => 1
                            [support] => Array
                                (
                                    [0] => title
                                    [1] => author
                                    [2] => custom-fields
                                )

                        )

                    [meta] => Array
                        (
                            [lfm_author__family_name] => Array
                                (
                                    [object_type] => post
                                    [meta_key] => lfm_author__family_name
                                    [meta_args] => Array
                                        (
                                            [type] => string
                                            [object_subtype] => lfm_author
                                            [description] => Фамилия
                                            [single] => 1
                                            [sanitize_callback] => 
                                            [auth_callback] => 
                                            [show_in_rest] => 1
                                        )

                                )

                            [lfm_author__name] => Array
                                (
                                    [object_type] => post
                                    [meta_key] => lfm_author__name
                                    [meta_args] => Array
                                        (
                                            [type] => string
                                            [object_subtype] => lfm_author
                                            [description] => Имя
                                            [single] => 1
                                            [sanitize_callback] => 
                                            [auth_callback] => 
                                            [show_in_rest] => 1
                                        )

                                )

                            [lfm_author__father_name] => Array
                                (
                                    [object_type] => post
                                    [meta_key] => lfm_author__father_name
                                    [meta_args] => Array
                                        (
                                            [type] => string
                                            [object_subtype] => lfm_author
                                            [description] => Фамилия
                                            [single] => 1
                                            [sanitize_callback] => 
                                            [auth_callback] => 
                                            [show_in_rest] => 1
                                        )

                                )

                            [lfm_author__birth_date] => Array
                                (
                                    [object_type] => post
                                    [meta_key] => lfm_author__birth_date
                                    [meta_args] => Array
                                        (
                                            [type] => string
                                            [object_subtype] => lfm_author
                                            [description] => Дата рождения
                                            [single] => 1
                                            [sanitize_callback] => 
                                            [auth_callback] => 
                                            [show_in_rest] => 1
                                        )

                                )

                            [lfm_author__country_or_language] => Array
                                (
                                    [object_type] => post
                                    [meta_key] => lfm_author__country_or_language
                                    [meta_args] => Array
                                        (
                                            [type] => string
                                            [object_subtype] => lfm_author
                                            [description] => Страна/Язык
                                            [single] => 1
                                            [sanitize_callback] => 
                                            [auth_callback] => 
                                            [show_in_rest] => 1
                                        )

                                )

                        )

                    [f] => 0
                )

            [lfm_record] => Array
                (
                    [post_type_name] => lfm_record
                    [post_type_args] => Array
                        (
                            [labels] => Array
                                (
                                    [name] => Записи
                                    [singular_name] => Запись
                                )

                            [public] => true
                            [label] => post_label_template
                            [show_ui] => 1
                            [show_in_menu] => lfmanagement/lfm_menu.php
                            [has_archive] => 1
                            [support] => Array
                                (
                                    [0] => title
                                    [1] => author
                                    [2] => custom-fields
                                )

                        )

                    [f] => 0
                )

            [lfm_filial] => Array
                (
                    [post_type_name] => lfm_filial
                    [post_type_args] => Array
                        (
                            [labels] => Array
                                (
                                    [name] => Филиалы
                                    [singular_name] => Филиал
                                )

                            [public] => true
                            [label] => post_label_template
                            [show_ui] => 1
                            [show_in_menu] => lfmanagement/lfm_menu.php
                            [has_archive] => 1
                            [support] => Array
                                (
                                    [0] => title
                                    [1] => author
                                    [2] => custom-fields
                                )

                        )

                    [f] => 0
                )

            [lfm_item] => Array
                (
                    [post_type_name] => lfm_item
                    [post_type_args] => Array
                        (
                            [labels] => Array
                                (
                                    [name] => Изделия
                                    [singular_name] => Изделие
                                )

                            [public] => true
                            [label] => post_label_template
                            [show_ui] => 1
                            [show_in_menu] => lfmanagement/lfm_menu.php
                            [has_archive] => 1
                            [support] => Array
                                (
                                    [0] => title
                                    [1] => author
                                    [2] => custom-fields
                                )

                        )

                    [f] => 0
                )

        )

    [taxonomy] => Array
        (
        )

    [meta] => Array
        (
        )

)

Array
(
    [post] => Array
        (
            [lfm_card] => Array
                (
                    [post_type_name] => lfm_card
                    [post_type_args] => Array
                        (
                            [labels] => Array
                                (
                                    [name] => Карточки
                                    [singular_name] => Карточка
                                )

                            [public] => true
                            [label] => post_label_template
                            [show_ui] => 1
                            [show_in_menu] => lfmanagement/lfm_menu.php
                            [has_archive] => 1
                            [support] => Array
                                (
                                    [0] => title
                                    [1] => author
                                    [2] => custom-fields
                                )

                        )

                    [taxonomy] => Array
                        (
                            [lfm_card_item_type] => Array
                                (
                                    [taxonomy_name] => lfm_card_item_type
                                    [parent_objec_type] => lfm_card
                                    [taxonomy_args] => Array
                                        (
                                            [labels] => Array
                                                (
                                                    [name] => Вид изделия
                                                    [singular_name] => Вид
                                                )

                                            [hierarchical] => 
                                            [show_ui] => 1
                                            [show_admin_column] => 1
                                            [query_var] => 1
                                            [show_in_menu] => 1
                                            [show_in_rest] => 1
                                            [meta_box_cb] => lfm_default_select_meta_box__render
                                        )

                                    [meta] => Array
                                        (
                                            [lfm_card_item_type__acc_unit] => Array
                                                (
                                                    [object_type] => term
                                                    [meta_key] => lfm_card_item_type__acc_unit
                                                    [meta_args] => Array
                                                        (
                                                            [type] => string
                                                            [object_subtype] => lfm_card_item_type
                                                            [description] => Единица объёма
                                                            [single] => 1
                                                            [sanitize_callback] => 
                                                            [auth_callback] => 
                                                            [show_in_rest] => 1
                                                        )

                                                )

                                            [lfm_card_item_type__favorite] => Array
                                                (
                                                    [object_type] => term
                                                    [meta_key] => lfm_card_item_type__favorite
                                                    [meta_args] => Array
                                                        (
                                                            [type] => boolean
                                                            [object_subtype] => lfm_card_item_type
                                                            [description] => Избранное
                                                            [single] => 1
                                                            [sanitize_callback] => 
                                                            [auth_callback] => 
                                                            [show_in_rest] => 1
                                                        )

                                                )

                                        )

                                )

                            [lfm_card_age_rating] => Array
                                (
                                    [taxonomy_name] => lfm_card_age_rating
                                    [parent_objec_type] => lfm_card
                                    [taxonomy_args] => Array
                                        (
                                            [labels] => Array
                                                (
                                                    [name] => Возрастные ограничения
                                                    [singular_name] => Возрастная группа
                                                )

                                            [hierarchical] => 
                                            [show_ui] => 1
                                            [show_admin_column] => 1
                                            [query_var] => 1
                                            [show_in_menu] => 1
                                            [show_in_rest] => 1
                                            [meta_box_cb] => lfm_default_select_meta_box__render
                                        )

                                )

                        )

                    [meta] => Array
                        (
                            [lfm_card__isbn] => Array
                                (
                                    [object_type] => post
                                    [meta_key] => lfm_card__isbn
                                    [meta_args] => Array
                                        (
                                            [type] => string
                                            [object_subtype] => lfm_card
                                            [description] => ISBN изделия
                                            [single] => 1
                                            [sanitize_callback] => 
                                            [auth_callback] => 
                                            [show_in_rest] => 1
                                        )

                                )

                            [lfm_card__year] => Array
                                (
                                    [object_type] => post
                                    [meta_key] => lfm_card__year
                                    [meta_args] => Array
                                        (
                                            [type] => string
                                            [object_subtype] => lfm_card
                                            [description] => Год издания
                                            [single] => 1
                                            [sanitize_callback] => 
                                            [auth_callback] => 
                                            [show_in_rest] => 1
                                        )

                                )

                            [lfm_card__volume_p] => Array
                                (
                                    [object_type] => post
                                    [meta_key] => lfm_card__volume_p
                                    [meta_args] => Array
                                        (
                                            [type] => string
                                            [object_subtype] => lfm_card
                                            [description] => Том
                                            [single] => 1
                                            [sanitize_callback] => 
                                            [auth_callback] => 
                                            [show_in_rest] => 1
                                        )

                                )

                            [lfm_card__otv_info] => Array
                                (
                                    [object_type] => post
                                    [meta_key] => lfm_card__otv_info
                                    [meta_args] => Array
                                        (
                                            [type] => string
                                            [object_subtype] => lfm_card
                                            [description] => Сведения об отвественных
                                            [single] => 1
                                            [sanitize_callback] => 
                                            [auth_callback] => 
                                            [show_in_rest] => 1
                                        )

                                )

                            [lfm_card__izd_info] => Array
                                (
                                    [object_type] => post
                                    [meta_key] => lfm_card__izd_info
                                    [meta_args] => Array
                                        (
                                            [type] => string
                                            [object_subtype] => lfm_card
                                            [description] => Место издания
                                            [single] => 1
                                            [sanitize_callback] => 
                                            [auth_callback] => 
                                            [show_in_rest] => 1
                                        )

                                )

                            [lfm_card__publishing_house] => Array
                                (
                                    [object_type] => post
                                    [meta_key] => lfm_card__publishing_house
                                    [meta_args] => Array
                                        (
                                            [type] => string
                                            [object_subtype] => lfm_card
                                            [description] => Издательство
                                            [single] => 1
                                            [sanitize_callback] => 
                                            [auth_callback] => 
                                            [show_in_rest] => 1
                                        )

                                )

                            [lfm_card__sys] => Array
                                (
                                    [object_type] => post
                                    [meta_key] => lfm_card__sys
                                    [meta_args] => Array
                                        (
                                            [type] => string
                                            [object_subtype] => lfm_card
                                            [description] => Сист. треб
                                            [single] => 1
                                            [sanitize_callback] => 
                                            [auth_callback] => 
                                            [show_in_rest] => 1
                                        )

                                )

                            [lfm_card__osnzaglser] => Array
                                (
                                    [object_type] => post
                                    [meta_key] => lfm_card__osnzaglser
                                    [meta_args] => Array
                                        (
                                            [type] => string
                                            [object_subtype] => lfm_card
                                            [description] => ОснЗаглСер
                                            [single] => 1
                                            [sanitize_callback] => 
                                            [auth_callback] => 
                                            [show_in_rest] => 1
                                        )

                                )

                            [lfm_card__note] => Array
                                (
                                    [object_type] => post
                                    [meta_key] => lfm_card__note
                                    [meta_args] => Array
                                        (
                                            [type] => string
                                            [object_subtype] => lfm_card
                                            [description] => Примечание
                                            [single] => 1
                                            [sanitize_callback] => 
                                            [auth_callback] => 
                                            [show_in_rest] => 1
                                        )

                                )

                            [lfm_card__resume] => Array
                                (
                                    [object_type] => post
                                    [meta_key] => lfm_card__resume
                                    [meta_args] => Array
                                        (
                                            [type] => string
                                            [object_subtype] => lfm_card
                                            [description] => Содержание
                                            [single] => 1
                                            [sanitize_callback] => 
                                            [auth_callback] => 
                                            [show_in_rest] => 1
                                        )

                                )

                        )

                    [f] => 0
                )

            [lfm_author] => Array
                (
                    [post_type_name] => lfm_author
                    [post_type_args] => Array
                        (
                            [labels] => Array
                                (
                                    [name] => Авторы
                                    [singular_name] => Автор
                                )

                            [public] => true
                            [label] => post_label_template
                            [show_ui] => 1
                            [show_in_menu] => lfmanagement/lfm_menu.php
                            [has_archive] => 1
                            [support] => Array
                                (
                                    [0] => title
                                    [1] => author
                                    [2] => custom-fields
                                )

                        )

                    [meta] => Array
                        (
                            [lfm_author__family_name] => Array
                                (
                                    [object_type] => post
                                    [meta_key] => lfm_author__family_name
                                    [meta_args] => Array
                                        (
                                            [type] => string
                                            [object_subtype] => lfm_author
                                            [description] => Фамилия
                                            [single] => 1
                                            [sanitize_callback] => 
                                            [auth_callback] => 
                                            [show_in_rest] => 1
                                        )

                                )

                            [lfm_author__name] => Array
                                (
                                    [object_type] => post
                                    [meta_key] => lfm_author__name
                                    [meta_args] => Array
                                        (
                                            [type] => string
                                            [object_subtype] => lfm_author
                                            [description] => Имя
                                            [single] => 1
                                            [sanitize_callback] => 
                                            [auth_callback] => 
                                            [show_in_rest] => 1
                                        )

                                )

                            [lfm_author__father_name] => Array
                                (
                                    [object_type] => post
                                    [meta_key] => lfm_author__father_name
                                    [meta_args] => Array
                                        (
                                            [type] => string
                                            [object_subtype] => lfm_author
                                            [description] => Фамилия
                                            [single] => 1
                                            [sanitize_callback] => 
                                            [auth_callback] => 
                                            [show_in_rest] => 1
                                        )

                                )

                            [lfm_author__birth_date] => Array
                                (
                                    [object_type] => post
                                    [meta_key] => lfm_author__birth_date
                                    [meta_args] => Array
                                        (
                                            [type] => string
                                            [object_subtype] => lfm_author
                                            [description] => Дата рождения
                                            [single] => 1
                                            [sanitize_callback] => 
                                            [auth_callback] => 
                                            [show_in_rest] => 1
                                        )

                                )

                            [lfm_author__country_or_language] => Array
                                (
                                    [object_type] => post
                                    [meta_key] => lfm_author__country_or_language
                                    [meta_args] => Array
                                        (
                                            [type] => string
                                            [object_subtype] => lfm_author
                                            [description] => Страна/Язык
                                            [single] => 1
                                            [sanitize_callback] => 
                                            [auth_callback] => 
                                            [show_in_rest] => 1
                                        )

                                )

                        )

                    [f] => 0
                )

            [lfm_record] => Array
                (
                    [post_type_name] => lfm_record
                    [post_type_args] => Array
                        (
                            [labels] => Array
                                (
                                    [name] => Записи
                                    [singular_name] => Запись
                                )

                            [public] => true
                            [label] => post_label_template
                            [show_ui] => 1
                            [show_in_menu] => lfmanagement/lfm_menu.php
                            [has_archive] => 1
                            [support] => Array
                                (
                                    [0] => title
                                    [1] => author
                                    [2] => custom-fields
                                )

                        )

                    [f] => 0
                )

            [lfm_filial] => Array
                (
                    [post_type_name] => lfm_filial
                    [post_type_args] => Array
                        (
                            [labels] => Array
                                (
                                    [name] => Филиалы
                                    [singular_name] => Филиал
                                )

                            [public] => true
                            [label] => post_label_template
                            [show_ui] => 1
                            [show_in_menu] => lfmanagement/lfm_menu.php
                            [has_archive] => 1
                            [support] => Array
                                (
                                    [0] => title
                                    [1] => author
                                    [2] => custom-fields
                                )

                        )

                    [f] => 0
                )

            [lfm_item] => Array
                (
                    [post_type_name] => lfm_item
                    [post_type_args] => Array
                        (
                            [labels] => Array
                                (
                                    [name] => Изделия
                                    [singular_name] => Изделие
                                )

                            [public] => true
                            [label] => post_label_template
                            [show_ui] => 1
                            [show_in_menu] => lfmanagement/lfm_menu.php
                            [has_archive] => 1
                            [support] => Array
                                (
                                    [0] => title
                                    [1] => author
                                    [2] => custom-fields
                                )

                        )

                    [f] => 0
                )

        )

    [taxonomy] => Array
        (
        )

    [meta] => Array
        (
        )

)

